Тролль nsocnzas.mail.ru 82
Волочкова hynhkchl@mail.ru 93
Пенг42 euxtjquwo@mail.ru 32
Пенг grnsf.mail.ru 70
Ярослав lczvxi@gmail.com 97
Владимир 8 gumxfigvam
Чехова sqrzmr@gmail.com 93
Ярослав maqnk@gmail.com 96
Джамшут tyyolvkn@ya.ru 7
Дмитрий sdw@gmail.com 101
Ольга kbzjth 13
Чехова kkss@gmail.com 96
Михаил bgpumvou@ya.ru 96
Муммий ukqjpqgnst@gmail.com 99
Михаил vjfdap@gmail.com 96
Ольга zlbgz@gmail.com 94
Джигурда arlmdlrn@mail.ru 7
Волочкова tgnrnmo@mail.ru 9
Чонгкун iflyyvp.ru 73
Ярослав42 ffcbzt@gmail.com 74
Джигурда mwwtk@mail.ru 95
Ольга zc@gmail.com 99
Яочуан xi@mail.ru 100
Земфира jqwpvljxg@mail.ru 7
Ольга zsqler@gmail.com 95
Гнойный666 zrjzfsdyqr@mail.ru 95
Пенг flsxhoutz@ya.ru 91
Ярослав 63 jlygzs@gmail.com
Джамшут lsruraertfigvam 13
Яочуан wmzvcqqyve@ya.ru 100
Земфира42 rwkzbyao@gmail.com 68
Геннадий lv@mail.ru 91
Ли iahmkzj@ya.ru 8
Михаил hmek@ya.ru 92
Пенг666 ms@ya.ru 93
Артём rkxoy@gmail.com 97
Чонгкун ngdbn@ya.ru 101
Ольга ultsjptxj@mail.ru 98
Хенг dtgyebhwc@gmail.com 93
41 wks@gmail.com
Джигурда wniwdvledv@ya.ru 95
Тролль oprzfut@ya.ru 7
Ван vmhdjnvdx@ya.ru 93
Михаил yi@mail.ru
Ольга666 utlpnwgik@ya.ru 68
Артём kq@mail.ru 95
Хенг 96 brxe@ya.ru
Ольга ydyl@mail.ru 99
Дмитрий zraliqjrtm@gmail.com 7
Дмитрий tubdfigvam 47
Яочуан cgznlvna 98
Нагиев fflxrbzszh@ya.ru 101
Геннадий gr@mail.ru 8
wntxmmh@mail.ru
Степан pivm@ya.ru 96
Анна pj.ru 95
85
Ли666 xxqskfbpvd@gmail.com 14
Яочуан666 gmak@mail.ru 57
Джигурда hmyhkidqn@ya.ru 8
Гнойный42 sbhrryli@gmail.com 29
Ярослав qguemthyjm@mail.ru 95
Мария upean@mail.ru 98
Ли42 ktcrzpnp@ya.ru 29
Равшан hirh@gmail.com 92
Хенг yefrwjcttf 11
Анна666 kko@gmail.com 81
Муммий fzzqyxvy@ya.ru 99
Равшан immstdxni@ya.ru 93
Степан qfcqdo@gmail.com 97
Земфира 86
Нагиев qwtqnx@ya.ru 8
Хенг ifdjgtnj@gmail.com 95
Дмитрий qh@mail.ru 7
Анна ljaznlcz@mail.ru 7
Земфира zpfvcvb 97
Мария lljx@mail.ru 91
Ли quwhydc@gmail.com 98
Ван vbfigvam 93
Ван dlvxhrcf 22
Сянцзян maxkorggbq@gmail.com 94
Яочуан zxpkopuuwt@ya.ru 99
Бузова qxfqikhvw@gmail.com 97
Геннадий 12 lrznx@gmail.com
48 gfedb@mail.ru
Пенг libyhk@mail.ru
Тролль vreiqwwogt@gmail.com 96
Анна42 pcjyji@mail.ru 52
Ольга mfkcpzj@ya.ru 99
Хенг gsx@ya.ru 95
Земфира dcoooql@mail.ru 99
Артём isoxlfcoeb.mail.ru 62
Артём nwohzwb@ya.ru 92
Тролль ivcyg@ya.ru 93
Дмитрий uzy@mail.ru 98
Земфира cfsycaqk@gmail.com 9
Земфира xygxmdh@mail.ru 8
Хенг 97 mpqzthnd@mail.ru
Сянцзян buku@mail.ru 9
Пенг kdcyiitl@mail.ru 9
Гнойный wgmbkof@gmail.com 100
Ольга aitrynpv@gmail.com 95
Волочкова42 efe@ya.ru 79
64
Нагиев666 txccjjszt@ya.ru 17
Гнойный ai.ru 36
Земфира 15 rttzfh@ya.ru
Ли dyhelbnsiefigvam 31
Мария zsfnylrh@gmail.com 93
Нагиев unpfjvwyu@ya.ru 94
Чехова hecagqe@mail.ru 97
Джамшут eqcxzx@mail.ru 91
Дмитрий eyl@gmail.com 99
Геннадий mdouksku@mail.ru 97
Ольга 65 fl@mail.ru
Муммий zf@mail.ru 99
Артём elf@mail.ru 101
Бузова42 kcysx@mail.ru 25
Геннадий hapfeybse@gmail.com 95
Земфира cae@gmail.com 95
Яочуан cq@ya.ru 96
Пенг xtnx@mail.ru 95
Ван cohymcu.mail.ru 93
Бузова gqt@ya.ru 8
Пенг lmymg@ya.ru 100
54 dsohvsqen@ya.ru
Владимир zvmklam 15
Гнойный xo@mail.ru 94
Гнойный kt.mail.ru 91
Мария fujmt@gmail.com 99
91 rvgzbnl@gmail.com
Ольга dvbnqqtcd@ya.ru 7
Геннадий kvpbwddtk@mail.ru 101
Нагиев 35 txgfbp@gmail.com
Анна666 ykjlvew@gmail.com 85
Пенг rwwpv@gmail.com 98
Ольга42 wbdv@gmail.com 42
Геннадий wizbs@mail.ru 95
Джигурда zsysime@mail.ru 93
Ольга42 mgjmyuavwj@mail.ru 25
Хенг iyoargxf@mail.ru 98
Муммий cwxiewt@gmail.com 101
Джигурда fjeiqo.mail.ru 90
Ли eowsjrz@ya.ru 7
Артём qqlssl@gmail.com 9
Сянцзян jxognvpf@mail.ru 100
Тролль kuzlwqzzd@mail.ru 96
Владимир
Джамшут redwfigvam 60
Тролль!!!!1 tnkugfise@ya.ru 9
Ярослав!!!!1 mhfkmlfigvam 35
Земфира lgcrl 83
Мария plogsfhjr@gmail.com 7
Джамшут mozcyxq@ya.ru 93
Земфира vjqdo@mail.ru 93
Джигурда666 hirbb@ya.ru 14
37
Владимир
Сянцзян rrqxhxph@gmail.com 91
Волочкова tuufq@ya.ru 99
Ярослав zektqtg@ya.ru 100
Чонгкун tarrec@ya.ru 99
Ли fnz@ya.ru 7
Гнойный uaznynxw@ya.ru 93
Земфира kuablif@ya.ru 94
Степан raig@gmail.com 97
Ярослав jjeowwmen 75
Пенг qlxws@gmail.com 7
Чонгкун caynw@gmail.com 96
Степан kayfriug@gmail.com 97
Мария emjtkz@mail.ru 98
Степан geoppirf@mail.ru 97
Геннадий!!!!1 oqkolaurl@mail.ru 16
Владимир zwmnwxc 69
Гнойный kgyvase@mail.ru 97
Джигурда xoq@gmail.com 7
Артём ucgzuvud@gmail.com 9
Муммий ykgjms@mail.ru 97
Земфира 33 xavvzbe@mail.ru
Бузова etsqoqknd@mail.ru 94
Ярослав vxcwchb@mail.ru 91
Мария dnr@mail.ru 93
Пенг gtaryw@gmail.com 91
Джигурда df@mail.ru 93
Ольга cymh@gmail.com 91
Гнойный666 dhqinljcm@ya.ru 86
Хенг bioxncex@ya.ru 95
Мария obv@gmail.com 99
Хенг pf@ya.ru 93
Чонгкун ydnpabs@ya.ru 99
Равшан jz@gmail.com 92
Степан doddcyqspo 86
Мария kzfpmpz@mail.ru 92
Муммий kfyzcv.mail.ru 38
Гнойный bbmq@mail.ru 93
Пенг lfjzkftwfn@ya.ru 8
Муммий kwsdchxc@mail.ru 8
Пенг ycvfigvam 91
Мария uslq@ya.ru 9
Мария666 ax@ya.ru 10
Джигурда ly@gmail.com 99
Ольга666 xhpowfavv@mail.ru 16
Хенг geuuh@ya.ru 97
Степан btscwz@mail.ru 101
Хенг mp@gmail.com 91
51
Чонгкун jiqwzjx 63
Яочуан mtgjp@mail.ru 101
Ольга aorfimupuq@ya.ru 100
Равшан qwj@gmail.com 101
Мария inoqo@ya.ru 94
Ли or@ya.ru 96
Бузова ykhi@ya.ru 97
Джигурда pb@ya.ru 91
Равшан!!!!1 ee@gmail.com 57
Анна xncobdmni@mail.ru 93
Бузова aquuftkrh@gmail.com
Хенг jtgrlczs@ya.ru 92
Геннадий 36 nfsxqtabzt@gmail.com
Ли ey@ya.ru 91
Михаил hidos@gmail.com 101
Гнойный iips@ya.ru 92
Бузова nvrtlhpvc@gmail.com 91
Михаил qoukfwipi@ya.ru 96
Степан ksfdln@ya.ru 94
Чехова js@mail.ru 93
Михаил666 pvabwwymp@gmail.com 88
Нагиев666 xwnmfigvam 59
Муммий!!!!1 tsfowgyt@ya.ru 89
Равшан666 evayobrerz@mail.ru 52
Джигурда ipy@gmail.com 93
Нагиев 72 crek@ya.ru
Тролль yauqsnry@gmail.com 9
Сянцзян666 phdjniunaf@ya.ru 8
Сянцзян nqtxak@gmail.com 96
Ли gioyxrllkm@gmail.com 98
Ольга nf@mail.ru 93
Хенг yneo@mail.ru 8
Ли666 ga@gmail.com 46
Пенг ctd@ya.ru 94
Сянцзян hhpwgqhb@ya.ru 92
Анна wkguvadej 8
Равшан42 qrmfi@mail.ru 29
Волочкова 42 iqqkfxew@mail.ru
Земфира aixeq@gmail.com 91
Ольга42 eyplplbdvp@gmail.com 28
Муммий hir@ya.ru 92
Земфира fnlsuuge 48
Ли znfhr 44
Тролль rbfahwfe@gmail.com 91
Гнойный 48 iwli@mail.ru
Ли atqhh.ru 99
Тролль yyafo@ya.ru 92
Анна!!!!1 bqktw@gmail.com 65
Чехова rigd@ya.ru 7
98 xp@mail.ru
Земфира 36 nffdhs@ya.ru
Муммий 79
Ван ukh@mail.ru 98
Волочкова42 toijyvt@gmail.com 7
Сянцзян kotbwuibd 39
Сянцзян ox@mail.ru 91
Нагиев zoz@mail.ru 9
13 eqghsyv@ya.ru
Анна rnojtc@mail.ru 92
Геннадий ogn@mail.ru 9
Анна lyrzfigvam 50
Ван!!!!1 dekbmeygdv@gmail.com 17
Артём 62 xaxwwtnhm
Ван ahakp@mail.ru 95
Ольга uz@mail.ru 101
Нагиев opru@mail.ru 100
Равшан!!!!1 gfaefwi@gmail.com 79
65 iptmugr@mail.ru
Степан jfjtqjvfod@gmail.com 96
Ольга nszbmg@gmail.com 91
Яочуан zofi@gmail.com 97
Хенг
Ли666 lyfmfp@ya.ru 96
Нагиев42 ym@mail.ru 27
Анна hffigvam 43
Ван
Ярослав 63 sexveg@gmail.com
Владимир zsaewola@mail.ru 97
Ольга!!!!1 cjujuc@ya.ru 35
Пенг loyfqih@mail.ru 7
Равшан nkbkkxutvtfigvam 57
Ярослав fwzgcwu@mail.ru 92
Хенг dnignui@ya.ru 99
Тролль
Дмитрий gdpplo@mail.ru 9
Яочуан ulwxku@gmail.com 8
Ольга dxl@gmail.com 96
Хенг fhivin@ya.ru 92
Дмитрий clolirhm@mail.ru 99
Джигурда yt@gmail.com 98
Анна lt@gmail.com 94
Равшан yva.mail.ru 21
Гнойный bam@gmail.com 96
Ван rtndt 79
Ярослав qlqsfigvam 70
Гнойный vts@gmail.com 97
Мария 72 dgsvr@ya.ru
Волочкова666 fiyzyx@mail.ru 47
Чонгкун vslpn@ya.ru 97
Ли lobkgyw@mail.ru 97
Артём hdgpkrw@ya.ru 100
Джамшут666 bkuptdyvdz@ya.ru 61
Артём qf@mail.ru 92
Ли ofkclep@mail.ru 9
Ольга666 mfjyl@mail.ru 22
Мария re@gmail.com 93
Нагиев vqqufigvam 31
Гнойный cviwyx@gmail.com 93
Джигурда cqrraspb@mail.ru 91
Муммий!!!!1 qpodw@mail.ru 32
Владимир cnvfq@gmail.com 7
Пенг ho@gmail.com 93
Джигурда!!!!1 zrhuigzsnf@mail.ru 34
Равшан kqdfn@mail.ru 94
Джигурда orcpss@ya.ru 100
Ли boguqbuu@gmail.com 7
Ольга pgtl.ru 98
Яочуан sdxqj@gmail.com 93
Ольга kqvpgcp@ya.ru 97
Джигурда daxsqf@gmail.com 94
Мария mspjbfigvam 36
Яочуан ifpyb@ya.ru 94
Нагиев ykqrw@ya.ru 94
Степан xclvyyghr@mail.ru 91
Мария rrc@gmail.com 94
Сянцзян
Гнойный wbfsbqcteq@gmail.com 96
Равшан mdokjjrnvg@mail.ru 7
Мария oig 76
Тролль ghjropl.mail.ru 85
Волочкова oe@gmail.com 101
Артём vdy@mail.ru 96
Земфира ybk.ru 85
Ольга vocfyjidrb 20
Тролль vrqgob@mail.ru 8
Мария fqpnhwlj.mail.ru 46
Ли!!!!1 zhw@mail.ru 10
Хенг666 agjhusbkoe@gmail.com 33
Равшан42 ncmjadmmh@ya.ru 95
58 xomfg@mail.ru
Нагиев42 wara@mail.ru 24
Бузова ur@mail.ru 96
Артём fyypnlxwa@mail.ru 8
Анна uepiyqy@mail.ru 101
Ярослав hhirwcetv 80
Волочкова zygdlqknca@gmail.com 91
Пенг mkuiungv@mail.ru 9
Равшан umza@gmail.com 92
Михаил666 iggl@ya.ru 78
Михаил aldn@gmail.com 92
Пенг fcj@gmail.com 101
Чехова qi@mail.ru 95
Ольга!!!!1 lpqimz@mail.ru 72
Бузова nr@gmail.com 95
Джигурда lxm@mail.ru 93
Волочкова uajtxxoc@gmail.com 100
Анна mtzg@gmail.com 99
31
Чонгкун sumxyafrk@ya.ru 99
Ван yrz.mail.ru 101
Геннадий jlonbdf@mail.ru
Михаил!!!!1 dicke@ya.ru 97
Владимир xmwfayrc@ya.ru 8
Нагиев shubvfdlqt@gmail.com 92
Мария xtafihyh@ya.ru 95
Ван fvtrkbbenj.ru 26
Ли ganhrs@ya.ru 99
Яочуан bs@mail.ru 7
Хенг ypkkb@ya.ru 92
Яочуан gotykzfn@gmail.com 92
Чехова mtmfn@gmail.com 99
Ярослав rr@gmail.com 94
Чонгкун hy@gmail.com 92
Ярослав
Анна42 zcs@mail.ru 42
Муммий 90
Анна42 vhhwftfcg@mail.ru 53
Степан jjzi@mail.ru 7
Нагиев666 wteoex@mail.ru 9
81 nett@gmail.com
Дмитрий xb@ya.ru 100
Муммий uiafigvam 62
Хенг!!!!1 osyznzo@ya.ru 67
Сянцзян666 xregmycxtn@ya.ru 95
Ли lztfjuh 22
Геннадий 94 xhuwmic@gmail.com
Артём aigileo@gmail.com 97
Джигурда mwqdkzok.ru 83
Гнойный cbkripzbla@mail.ru 96
Гнойный udxi@gmail.com 101
Равшан myjqwbqq@ya.ru 91
Сянцзян wwqwmjcxp@mail.ru 91
Михаил qyhith@ya.ru 96
Геннадий dqqdlas@mail.ru 99
tq@mail.ru
Владимир md@gmail.com 91
Гнойный rxgap@ya.ru 91
Ольга ct@mail.ru 100
Земфира whbihs@ya.ru 98
Чонгкун42 qhedc@ya.ru 59
Геннадий42 aespu@mail.ru 97
Джигурда rn@gmail.com 8
Тролль
Степан dnlggap@ya.ru 98
Артём uhhdaycfigvam 18
Дмитрий cbtewsu 100
88 owmogsfi@ya.ru
Муммий xclcjimwmv@gmail.com 95
Степан nf@ya.ru 96
Волочкова nu.mail.ru 17
Мария 8 yg@ya.ru
Чехова lidxddaoqw@mail.ru 100
Чонгкун tylquyseiz@gmail.com 100
Бузова iok@gmail.com 8
Анна zrz@ya.ru 92
Чонгкун
Степан ocey@ya.ru 97
Муммий gh@mail.ru 97
Земфира
Геннадий zwf@gmail.com 100
Мария lyjfwa@mail.ru 94
Степан sfhedacybx@ya.ru 92
Анна cvn@ya.ru 91
Ольга yqvkh@ya.ru 99
Нагиев 85 bzwdxvy@ya.ru
Ли dgqm@mail.ru 8
Мария ontqgx@mail.ru 100
Мария deyzithaw@mail.ru 8
Хенг azotd@mail.ru 99
Ван sadolr@ya.ru 101
Степан kf@ya.ru 8
Равшан wgusm@gmail.com 9
Равшан zzpssrly@mail.ru 92
Волочкова wt@gmail.com 93
Нагиев jjqtbxw@mail.ru 94
Земфира uwdvnli@mail.ru 8
Ли tdfnsfxmf@gmail.com 91
16
Ли nmwu@gmail.com 97
Хенг nezoeeswu@gmail.com 99
Артём42 su@ya.ru 26
Ли xuhmsazcq@gmail.com 93
86
Хенг edqh 20
Ван uljqbrc@gmail.com 91
Чехова gszswxmd@gmail.com 99
Ли htulcwpy@gmail.com 97
Анна 99 tqdylq@gmail.com
Ольга wleicpwou@mail.ru 94
Гнойный mvjcfigvam 52
Геннадий666 baq@gmail.com 74
Гнойный esd 9
Волочкова agrjzyr@mail.ru 94
Равшан666 tokg@gmail.com 25
Равшан jyxkevpact@mail.ru 95
42
Геннадий pcngoid@ya.ru 92
Геннадий ksw@mail.ru 94
Степан avrugw@gmail.com 92
Ли aeonyiu@mail.ru 9
Яочуан si@gmail.com 7
Степан!!!!1 dvac@gmail.com 94
Дмитрий 82 pqlmawawd@mail.ru
Сянцзян fr@mail.ru 98
Тролль sjxjgkmlq@ya.ru 8
Мария!!!!1 xl@mail.ru 52
Дмитрий42 fbllfxosnn@mail.ru 94
Ли gnir@gmail.com 7
Яочуан riethlerwk@ya.ru 93
Ольга ha@ya.ru 9
Геннадий apttruc@gmail.com
Джигурда nehnpehmbf@ya.ru 97
Хенг gjmkdp@gmail.com 9
Джигурда hsdu@ya.ru 101
Гнойный666 qlv@gmail.com 12
Ли ozlfdg@mail.ru 98
Муммий pidjfftm@mail.ru 8
Анна gprqzkglrj@mail.ru 99
Ольга bmoee@mail.ru 97
Ярослав!!!!1 wu@gmail.com 31
Ольга epuxnz@mail.ru 92
Ярослав42 xec@gmail.com 62
Земфира upxlwoy@ya.ru 97
Джамшут hpzoktyo@gmail.com 101
Ольга 36 chh@mail.ru
Чонгкун fqcc@ya.ru 93
14
ibnwoguc@mail.ru
Степан fdlbq@ya.ru 94
Чонгкун spmusja@mail.ru 98
Артём dppdzkjvb@gmail.com 92
Ли nacdtxienb@mail.ru 100
Анна cxkqato@mail.ru 8
Чехова42 owayi@mail.ru 14
Ли zcgasjsos@ya.ru 94
Чонгкун jrhsmdgbx@gmail.com 7
Ярослав qo@mail.ru 9
Анна sba@ya.ru 101
Джамшут666 cckguhj@mail.ru 31
Бузова uppchfkyju@gmail.com 9
Тролль alw@gmail.com 92
Ярослав!!!!1 jf@ya.ru 62
Яочуан lhwuiayp@gmail.com 97
Геннадий hjfdi.mail.ru 7
Гнойный wr@mail.ru 7
Ольга kcnhrthadc@gmail.com 96
Бузова gmm@ya.ru 7
Геннадий abtk 75
Ярослав666 jeh 63
Михаил42 kzcp@mail.ru 78
Джамшут zxscu@gmail.com 91
Яочуан itdgionygf@ya.ru 96
Степан uftoobjxk@mail.ru 8
Степан bhroz@ya.ru 97
Ли xfhjyoju@gmail.com 100
Джигурда jxvtxvxwsfigvam 95
Мария ddurvpn@gmail.com 97
Анна ejjdd@ya.ru 93
Ли xvyltrkg@mail.ru 96
Ли666 bqmybd@mail.ru 75
Дмитрий666 ezjv@gmail.com 21
Ван iaphxaoo@gmail.com 8
Ольга qap@gmail.com 91
Чонгкун mhkhqjhmx@gmail.com 7
Яочуан ygdqxja@mail.ru 100
Ли zqjcu@mail.ru 97
Джамшут666 rndlsfo@gmail.com 12
Пенг yb@mail.ru 99
Дмитрий dwymn 20
Михаил xaaewf@ya.ru 97
Ярослав!!!!1 suldafigvam 92
Ван bgqkial@ya.ru 96
Ли qrndhzfas@ya.ru 95
Михаил hmjiuuvvhufigvam 32
99 xyehgwzuu@gmail.com
66
Джамшут sn@ya.ru 94
Чонгкун mhycl@gmail.com 9
Пенг vyoik@ya.ru 100
Владимир rinftidh@ya.ru 101
Муммий666 pd@mail.ru 87
Мария dpbpily@gmail.com 9
yv@mail.ru
Ван eumvwnpfy@ya.ru 91
Чонгкун umgjrhyuk@mail.ru 99
Владимир zrignrbba@gmail.com 8
Земфира lzcsiq.ru 42
Яочуан vi.ru 101
Ли42 nasa@gmail.com 20
Мария ixhn@ya.ru 100
Дмитрий bjstwgewca@ya.ru 99
Мария xdk@ya.ru 97
Хенг ienszhtd@ya.ru 98
Анна 85 elchvgwknw@gmail.com
Бузова igr@ya.ru 8
Яочуан ksufmcroha@gmail.com 101
Хенг ngpoldldwl@ya.ru 100
Чонгкун gq@ya.ru 7
Хенг gwwcmm@ya.ru 93
Джамшут yzwq@gmail.com 96
89 qhl@mail.ru
Дмитрий ua@mail.ru 94
Яочуан iuth@ya.ru 8
Земфира eudxfphmk@mail.ru 91
Равшан 39 icuzo@ya.ru
Ольга666 sigmjeofjf@gmail.com 17
Мария qsejgon@gmail.com 94
Мария yjuzmr@gmail.com 9
Земфира khicl@ya.ru 95
Земфира kcto@gmail.com 98
Волочкова666 cgoivrmofg@gmail.com 81
Равшан666 nyx@ya.ru 60
Дмитрий xback@mail.ru 7
Геннадий almb.mail.ru 18
Ли lc@ya.ru 9
Земфира plslxirp@gmail.com 101
Пенг jstlumj@ya.ru 92
Чехова ssdpstvvxi@gmail.com 7
Ли pcnvxsf@ya.ru 100
Ли wpgfeo@ya.ru 98
Джамшут666 bu@ya.ru 54
Джигурда ssecik@ya.ru 7
Артём cpivjxh@ya.ru 95
Михаил ffjftlr@gmail.com 91
Михаил!!!!1 ayfunbjvq@mail.ru 91
Джамшут pcnc@mail.ru 95
Анна shp@gmail.com 94
Степан 36 caye@ya.ru
Дмитрий eyogojynek 26
Пенг adwsylwh@ya.ru 94
Чехова jtvxk 12
Ольга shwtdudfh@mail.ru 93
oy@gmail.com
Артём iwkukwzt@ya.ru 8
Волочкова kvy@ya.ru 101
Муммий eznsogrbv@mail.ru 98
Сянцзян dgxpv 82
Яочуан kcj.mail.ru 11
Владимир42 ffkixmon@mail.ru 34
Джамшут mahks.mail.ru 57
Джамшут yoid@mail.ru 95
Равшан rsy@gmail.com 100
Чехова bjaupakumm.ru 91
Хенг fpxuvay@ya.ru 93
Степан 23
Тролль mnycx@gmail.com 101
Чехова42 lxfu@gmail.com 45
Ольга42 thhtgzm@ya.ru 45
Муммий42 mdtaqsikjf@ya.ru 12
Хенг crhsca@ya.ru 9
Джамшут phlpzwfffigvam 33
Ярослав
Ли hwxd@mail.ru 96
Пенг eauuskzz@mail.ru 99
Геннадий cppmo@mail.ru 8
Мария jkgenmuxu@gmail.com 97
Степан puij@ya.ru 99
Равшан gqiymeln@gmail.com 99
Артём aqj.ru 17
Земфира!!!!1 efz@mail.ru 45
Ольга 86 zpawzdafft@gmail.com
Михаил rtisohbr@mail.ru 101
Гнойный yqf@ya.ru 97
Пенг nmsqb@gmail.com 96
Бузова42 riltaol@gmail.com 31
Артём jzkncol@ya.ru 97
Геннадий 73 jruoid@mail.ru
xti@ya.ru
Чехова wceo@ya.ru 97
Ван dyolz@ya.ru 91
Равшан scpglwfruc.mail.ru 35
Михаил nktbmhacha@ya.ru 101
Ли whzq@gmail.com 95
Геннадий hmgu@gmail.com 97
Анна hp@mail.ru 94
23
Джигурда tjusruw@gmail.com 101
Хенг jtbvlawk@mail.ru 95
oywlsbomiy@gmail.com
Ли isng@ya.ru 98
Геннадий dfmah@gmail.com
Анна rqcfigvam 58
Геннадий gowp@ya.ru 9
Яочуан hcfigvam 80
Геннадий 55 ndb@ya.ru
Ван zbubzr@gmail.com 7
Ли 74 wgugrckxw@gmail.com
Яочуан hgxwj@gmail.com 7
Гнойный tygluu@gmail.com 9
Джигурда666 mkogutwr@gmail.com 20
Геннадий666 jqw@ya.ru 58
Равшан mqg@mail.ru 7
Мария fyqx@gmail.com 101
Мария igqkc 56
Тролль!!!!1 iboxbi@mail.ru 27
Чехова daj@gmail.com 98
Ли xm@gmail.com 101
Пенг bcwlx@gmail.com 95
Бузова666 ndoirzuht@gmail.com 35
Ольга grctgo@mail.ru 101
Ольга666 jkks@ya.ru 88
14 qjdyda@ya.ru
Хенг666 dbkxglrtr@gmail.com 20
Ван twypxwtnqs@ya.ru 8
Ольга
Яочуан jqrvpik@gmail.com 8
Ярослав nbpbn@ya.ru 100
Пенг 18
Ван eqvzujpa@mail.ru 100
Земфира666 mkxfbiglg@ya.ru 25
Ли vsrbknpi@gmail.com 101
Волочкова42 jplbtuvok@mail.ru 39
Артём qkwqveudi@mail.ru 91
Степан gggpaqbb 39
Ли eznopxyct@gmail.com 96
Нагиев kdxmdjsfoq@gmail.com 7
Ольга zgb@ya.ru 98
Волочкова fyf@ya.ru 93
Ольга pyitfdyfp.ru 81
Ольга ebxzpdck@gmail.com 94
Геннадий 51 ngibl@ya.ru
Ярослав!!!!1 xd@mail.ru 46
Муммий tvnkfn.ru 50
Михаил dmsckxsvkq@ya.ru 101
Чонгкун qyrb 94
Владимир txd@ya.ru 100
Пенг42 jbxhywaw@gmail.com 94
Бузова 58
Бузова cpzofk@ya.ru 100
Анна vupbwjeki@ya.ru 91
Ольга666 ot@gmail.com 9
Тролль nohc@ya.ru 8
Хенг42 tfglv@ya.ru 82
Мария666 sp@mail.ru 67
Яочуан stn@gmail.com 94
Геннадий dwkgp@ya.ru 91
Сянцзян mkh.mail.ru 38
Тролль lpiqiywb@mail.ru 8
Ольга alcdfigvam 75
Ярослав mziixqqsuk@mail.ru 91
Ольга vgqdjgys.mail.ru 89
Ван josyfj@ya.ru 97
Артём nkks@ya.ru 92
Равшан pdomev@gmail.com 8
Дмитрий!!!!1 ccoqjfx@mail.ru 15
Артём42 clcmztc@gmail.com 94
Земфира hmdo@gmail.com 98
Сянцзян jyyw@ya.ru 7
Мария eslemdc@ya.ru 93
Джамшут 86 mz@ya.ru
Чонгкун ttj@ya.ru 93
Ли rqgjdwttm@ya.ru 99
Ольга vheltf 30
Анна wgbfprza@ya.ru 92
Ольга tmstxptsw@gmail.com 101
Земфира lmdjuqnyj@mail.ru 95
Бузова ipguhyopqfigvam 62
Пенг cebjbooriu@mail.ru 99
Гнойный666 sjb@mail.ru 91
Чонгкун42 whw@gmail.com 71
Чехова42 ltcp@mail.ru 37
Ольга 90 nbyqfilr@ya.ru
Земфира jeiwuqun@ya.ru 93
Геннадий ngonz@ya.ru 96
Ярослав guqnftm 91
Джигурда pwvllwc@mail.ru 100
Муммий!!!!1 ro@gmail.com 78
Муммий afch@gmail.com 100
Муммий kxhupvl@mail.ru 8
Владимир666 fuxy@ya.ru 13
Сянцзян qspfjwtqj@mail.ru 94
Яочуан!!!!1 xgyph@ya.ru 73
Муммий yorphou@mail.ru 101
Владимир wuiapyptnf@ya.ru 95
Владимир jvgb@gmail.com 9
Яочуан rmuqgtv 19
Джамшут xkmcgp@gmail.com 100
Джамшут zmlft@gmail.com 9
Равшан dfzxjzqx@gmail.com 9
Михаил wfddbqd@mail.ru 94
Мария hktpu@ya.ru 7
Муммий666 ghkzdxn@mail.ru 92
Хенг beyx@ya.ru 93
Владимир xstkvrskfigvam 75
Гнойный fitfn@mail.ru 92
Ярослав yjcgjepll@gmail.com 94
Михаил ity 41
Хенг ijygcm@mail.ru
Тролль ydmqa 44
Ярослав nylmbleako@gmail.com 7
Муммий xjctubyfz@gmail.com 7
Сянцзян xrcrvmblnw@ya.ru 9
Джамшут666 dgbk@gmail.com 86
Равшан xsortwb@ya.ru 100
Михаил ksfigvam 86
Равшан dp@gmail.com 7
Равшан42 oztp@gmail.com 35
Пенг 91 sbkivwv@gmail.com
Чонгкун bmybxiicj@mail.ru 100
Анна gju@gmail.com 7
Яочуан kmaqjfigvam 66
Пенг ls.mail.ru 97
Ольга 55 jym@mail.ru
Ли qernqm@gmail.com 98
Мария jtqpwoa@ya.ru 97
Волочкова hpn@gmail.com 9
Чонгкун qduhwjj@mail.ru 9
Чехова zbqjf@gmail.com 8
Михаил666 jtczdhuvyu@mail.ru 87
Мария666 hcz@mail.ru 49
Артём ylvdsgayi@ya.ru 91
Нагиев 34 xazkz@gmail.com
Ярослав qktlckjc@gmail.com 95
Нагиев!!!!1 pekyd@ya.ru 59
Сянцзян ptuwk@mail.ru 101
Степан pgunwi@gmail.com 101
Геннадий cxzvgl@mail.ru 91
Чехова dxkrhlt@mail.ru 8
Степан fqhgyenntz@ya.ru 98
Михаил zwalaldbhn@mail.ru 93
Ярослав 68 zyb.ru
Артём avc@mail.ru 7
Чехова thffwbhl@ya.ru 97
Ярослав npljcxegi@ya.ru 95
Яочуан yevr@gmail.com 101
Ли kp@ya.ru 99
Владимир 60 ldyuyv@gmail.com
Ольга ulsdfsmty@gmail.com 99
Яочуан hgvrxzubt@gmail.com 95
Мария przmjpjyuc.mail.ru 47
Геннадий666 dvgwstof@mail.ru 61
Дмитрий vzz@ya.ru 91
Чонгкун pfzp@mail.ru 91
Джамшут spdqqch@mail.ru 96
Тролль666 jwnlr@mail.ru 92
Ли mdwje@mail.ru 7
Волочкова zruagjjubo@mail.ru 101
Равшан 94 uhddv@ya.ru
Сянцзян mcbq@mail.ru 7
Гнойный oenenhpm@ya.ru 91
Анна bjzmv@ya.ru 99
Муммий by@gmail.com 92
Ли
Тролль tec@mail.ru 92
Анна bcmncsiazj@mail.ru 8
Чехова cmedyzdmuf@ya.ru 8
Ван swcpzgfqk@gmail.com 9
Ярослав ipqoe@mail.ru 98
Чехова xknnsjehbp@mail.ru 98
Михаил icplgvhgi@mail.ru 94
Артём nl@ya.ru 96
Чонгкун wlw@gmail.com 93
Ли666 viperac@gmail.com 11
Джигурда cazcggmh@mail.ru 101
Ольга vmtulqovl@ya.ru 100
Ван llrvnboy 82
Яочуан rpmbqyjmjn@gmail.com 99
Анна bxrhac@mail.ru 97
Бузова666 stwxu@ya.ru 82
Хенг ncyccrm@ya.ru 92
Мария sazox@ya.ru 91
Джамшут osi@ya.ru 101
Джигурда xkfigvam 51
Бузова666 rihao@mail.ru 91
Хенг666 fuznbykkpo@gmail.com 56
Ольга dihctrf@mail.ru 96
Артём42 eejjr@ya.ru 30
Ли lbrlgdc@gmail.com 101
Пенг roqah@gmail.com 91
acesfkx
Ван ksjxcbk@gmail.com
Геннадий42 daflhhwdg@mail.ru 67
Владимир yszgs@mail.ru 96
Степан 37
Равшан mhjha@gmail.com 98
Ли eigbeugd@gmail.com 96
Тролль42 kqgwru@ya.ru 37
Геннадий ffr@ya.ru 7
Хенг666 lwiirkclhq@ya.ru 29
Волочкова mbbamoeq@mail.ru 92
Бузова czkgjillkk@ya.ru 92
Нагиев sl@mail.ru 98
Сянцзян hwxt.mail.ru 50
Бузова dtrxlm@gmail.com 96
Ли qxu@gmail.com 97
Яочуан mulcxr@ya.ru 92
Волочкова tdddmgika@ya.ru 9
Анна dnwu@gmail.com 94
Хенг
Ли666 kphzoum@ya.ru 94
Чонгкун ycggmccqfigvam 7
Ли ltlsxjw@gmail.com 95
Гнойный lxedwmzqtn@gmail.com 93
Муммий zqmi@mail.ru 99
Ли42 wxexmgqlv@mail.ru 57
Михаил smihac@ya.ru 9
Мария hdmshzfqv@gmail.com 99
Пенг42 jdknfivgid@ya.ru 24
Гнойный666 xjbx@gmail.com 78
Гнойный elvwkm@gmail.com 93
Джигурда zmjc 45
Волочкова iqhhvsuv@gmail.com 97
Нагиев em@gmail.com 97
Ван nh@ya.ru 98
Земфира
Ольга tkqjkxdg@ya.ru 93
99
Дмитрий hl@ya.ru 91
Равшан yy@gmail.com 100
Анна qppqjykge.mail.ru 56
Владимир xas@ya.ru 101
Ольга pecdmclxo@ya.ru 97
Нагиев gtckxtsg@gmail.com 8
Владимир ostm.ru 81
Владимир
Яочуан jlqc@mail.ru 99
Ольга 77
Земфира ztg@ya.ru 93
hbqvvgvyv@gmail.com
Джигурда xwdgfzftxw@gmail.com 98
Степан jrahedkro.ru 100
Ольга rsvc@mail.ru 94
Яочуан jcqqtqjn@gmail.com 99
Ольга xwskxenier@ya.ru 98
Бузова ttqksx@ya.ru 93
Анна frnm@ya.ru 9
Волочкова qwmtqhdwgo@gmail.com 93
Ли rlobsdxnkm@ya.ru 101
Бузова vvrznowi.ru 39
Дмитрий mgfnxpc@gmail.com 92
Ли zocmhhldtxfigvam 33
Дмитрий dpado@ya.ru 101
Равшан vukl@gmail.com 93
Сянцзян agmsd@gmail.com 95
Сянцзян!!!!1 cqc@mail.ru 79
Нагиев zobbamthn@ya.ru
Артём pbxxpkp@mail.ru
Ольга swxjl@ya.ru
Михаил ogaptxrw 10
Чехова ikkjvfigvam 83
54
Михаил bl@gmail.com 98
Михаил666 mavzyuda@gmail.com 61
Ольга 20 oja@ya.ru
Сянцзян qvujdw@mail.ru 8
Ольга tbkvqikx@mail.ru 99
Михаил ujywxlrrn@gmail.com 95
Ли xinydgkyz
Михаил mlauxjzx@mail.ru 94
Дмитрий!!!!1 cfortxov@gmail.com 100
Пенг sojqh@mail.ru 100
Ли 73
Ли okh@ya.ru 99
Муммий tdlgluv@mail.ru 8
Артём nigurvk@mail.ru 99
Степан efs@gmail.com 95
Пенг lm@ya.ru 100
Пенг azomitvegl@mail.ru 101
Пенг 41 hivhqztutj@ya.ru
Сянцзян txndjofst@ya.ru 95
Геннадий ahmh@mail.ru 7
Яочуан pjnwgkqgc@mail.ru 97
Ли ay@mail.ru 91
Бузова khsfbnfigvam 10
Мария xnzir.ru 17
Ольга nk@gmail.com 98
Ли qjpycs.mail.ru 54
Земфира xhtsz@ya.ru 99
Пенг 12 epj@gmail.com
Джигурда tpgrtcz@gmail.com 95
Дмитрий ka 54
Владимир uxo@mail.ru 8
Ли mbshdfcuq@mail.ru 9
Сянцзян xycoqoqlk@gmail.com 94
Степан rcug.ru 85
Пенг666 hsj@ya.ru 39
Равшан!!!!1 dvmncadh@ya.ru 50
Дмитрий ud.mail.ru 17
Владимир pjrehnjr@gmail.com 8
Ли kzdqqeii@mail.ru 97
Земфира qnrfigvam 38
Артём eh.mail.ru 15
Волочкова uo@gmail.com 95
Гнойный zjcetselmz@gmail.com 99
Ли qcakcj@ya.ru 98
Равшан bvtpnelshp@mail.ru 96
jq@gmail.com
Хенг hqg@ya.ru 7
Яочуан bdg@gmail.com 99
Джамшут42 jfde@mail.ru 100
Чехова fgpuxlyl@gmail.com 97
Джамшут qsjdks@gmail.com 101
Джамшут ojrcnmgui@ya.ru 95
Равшан42 vcxkqxf@gmail.com 97
Геннадий gzrcyd@ya.ru 9
Степан pvte@mail.ru 101
Ли kzyqcs@ya.ru 100
Ли vk@mail.ru 96
Волочкова qsuopb 21
fpntrectkj@gmail.com
Ярослав rlfkb@mail.ru 9
Равшан errdbsjifd@gmail.com 101
Артём yzoteuuhge@ya.ru 92
Пенг jqynlmr.mail.ru 50
Ли rsfdutfigvam 23
Ван yw@mail.ru 95
Тролль rqbocyozcc@mail.ru 96
Михаил ujwez@gmail.com 96
Сянцзян42 njn@gmail.com 12
Равшан dkpwcg@gmail.com 93
Тролль xgzk@ya.ru 93
Ярослав ureuoho@gmail.com 101
Пенг cm@ya.ru 98
Сянцзян vapnupu@ya.ru 100
Владимир 26 tgovvpmv@ya.ru
Анна bqwd@mail.ru 92
Нагиев urbthitw@mail.ru 97
Ярослав stbdsyfr@ya.ru 93
Михаил42 yrzsids@gmail.com 87
Чонгкун 22 uvb@mail.ru
Ли rwiaogzxvk@mail.ru 96
Анна tgfxv@ya.ru 100
Ван klalzqm@ya.ru 94
Ольга 37 gq@mail.ru
Артём42 fczwr@gmail.com 48
Чехова zrstsyfno@mail.ru 92
Нагиев 46 ptqls@ya.ru
Джигурда ztummrmgo@mail.ru 7
Нагиев!!!!1 xwrvlg@ya.ru 78
Джигурда gpjmsysxt@ya.ru 92
Хенг!!!!1 cblioh@mail.ru 34
47
Анна666 fsfop@mail.ru 58
Джамшут vmhwyqup@gmail.com 95
Джигурда!!!!1 isgmd@gmail.com 99
Джамшут at@mail.ru 98
Чехова
Тролль spdkqaktn@ya.ru 9
Джигурда ebjnx.mail.ru 97
Муммий sc.mail.ru 64
Ярослав xpkehoe@gmail.com 8
Ольга xwyvp@ya.ru 8
Дмитрий tvnzagduh.mail.ru 55
Ольга ipe@mail.ru 91
Мария iepqvjmpk@mail.ru 91
Степан gd@ya.ru 9
Пенг42 wouu@ya.ru 31
Михаил uynq@gmail.com 92
Волочкова fghosg@ya.ru 98
Мария zofqs@gmail.com 98
Ван fwpo@mail.ru 93
Анна svoqodx@ya.ru 95
Джамшут 31
Хенг 58 ebsip@gmail.com
Волочкова666 iooulyqpni@mail.ru 42
Гнойный kesd@mail.ru 100
Тролль jw.mail.ru 35
Равшан rus.mail.ru 81
Равшан ubznniijoz@gmail.com 8
Анна veagluq@ya.ru 98
Сянцзян bb@gmail.com 91
Анна obdw@mail.ru 100
Ли 12 lpe@gmail.com
Джамшут juudsiczp@gmail.com 99
Анна mgcapwtfkp.ru 99
Ярослав ctfsib.mail.ru 60
Степан ykxci@gmail.com 99
Ольга 44 rwrakjr@gmail.com
Тролль hgtc@gmail.com 101
Чонгкун wfo@mail.ru 96
Артём afbd@mail.ru 101
Муммий
Ли vqskjvnjzm@ya.ru 94
Джамшут eajfrybjs@mail.ru 97
Геннадий666 fkz@mail.ru 7
Нагиев phui@gmail.com 91
Земфира yidzu@mail.ru 98
Чонгкун fhxqk@mail.ru 95
Чехова roy@gmail.com 92
Ван jossm@mail.ru 91
Геннадий uju@mail.ru 96
Земфира42 ydcmpreuzy@ya.ru 55
Степан byjxrtlc@gmail.com 9
Ли bxkv@mail.ru 99
Хенг flact@gmail.com 97
Нагиев!!!!1 knxrnmi@ya.ru 18
Ван vx@mail.ru 91
Сянцзян42 xz@ya.ru 18
Анна wsd.ru 86
Пенг bzzuvl@mail.ru 94
Мария qact@mail.ru 9
Равшан hmyphr@ya.ru 91
Михаил jpcoyszthd@mail.ru 9
Хенг eadnzfwg@gmail.com 92
Геннадий fhi@ya.ru 101
Ван zqtcknx@gmail.com 101
Чехова42 owfqdurm@gmail.com 54
Дмитрий jh@ya.ru 7
Анна666 zlofysrqh@gmail.com 88
Земфира666 ckgpqmeryl@gmail.com 67
Яочуан nytx@mail.ru 98
Геннадий 22 anqexnqa@ya.ru
Мария vyhtfpjef@mail.ru 91
Владимир666 mgb@ya.ru 59
Нагиев lntfigvam 101
Равшан ffnf@ya.ru 97
Михаил ilnurupkpe@mail.ru 92
Джигурда uaz@gmail.com 8
Анна pqhgfwigty@mail.ru 7
Джигурда fs@ya.ru 101
Мария bbnjhfub@gmail.com 94
Ли mfxvkzt@ya.ru 8
Ольга hmmrfigvam 88
Анна qqsjrtws@mail.ru 100
Нагиев bvmlz@gmail.com 93
Нагиев42 lfsisf@ya.ru 36
Ли pfcr@ya.ru 101
Дмитрий unndq@ya.ru 91
Джигурда bsi@ya.ru 92
Равшан konvuj@ya.ru 97
Чонгкун ovk@mail.ru 91
Ярослав pmibrp@ya.ru 101
Пенг pgrei@gmail.com 97
Дмитрий!!!!1 mtn@gmail.com 53
Тролль hzpxkklxaa@ya.ru 101
Степан zkmyq.ru 55
Пенг hvi.mail.ru 80
Анна ehybk@ya.ru 92
Ван wreyyazwj@ya.ru 101
Сянцзян 101
Муммий zoxml 68
Ван ysnemx@gmail.com 7
Степан xmdyi@gmail.com 93
Чехова blwlpw 73
Чехова gzv@gmail.com 98
Дмитрий ddfljsbst@gmail.com 9
Артём affbrmzi@mail.ru 8
Хенг!!!!1 ploqax@mail.ru 90
Ольга yjvmgjacfh@gmail.com 91
Земфира rcrh@mail.ru 97
Яочуан sxso.mail.ru 36
10 kfkzlg@mail.ru
Владимир gfltut@gmail.com 8
Ярослав qvbiichydh 27
Пенг vvzxlrgg@ya.ru 100
Владимир naciwer@gmail.com 8
Земфира kebiiemny@ya.ru 101
Пенг yvjlbzsdvp@gmail.com 92
Ван bptghqopkc@gmail.com 101
Чонгкун hin@gmail.com 93
Бузова lsflgj@gmail.com 92
Чонгкун ipatelmf.mail.ru 56
Владимир kpiefigvam 18
Ярослав qglqvcgo 43
Ольга zjg@mail.ru 99
Гнойный tmoeesbjsl@gmail.com 98
Нагиев666 ykj@gmail.com 18
Бузова 21 yixcbjtl@ya.ru
Нагиев tbtxyvt@ya.ru 92
Джигурда42 hwf@mail.ru 85
Ольга666 yiykos@mail.ru 23
Владимир ebbqdu@mail.ru 99
Михаил nelrttdj.mail.ru 60
Анна lmh@gmail.com 95
Ван swmwj@gmail.com 98
Тролль42 kakcexaoto.ru 98
Дмитрий yifktprcrg@ya.ru 99
Дмитрий42 oghektepxm@ya.ru 51
Мария mwfdrvqrjq@mail.ru 91
Волочкова erem@ya.ru 101
Бузова ch.ru 91
Ван pvexq@ya.ru 101
Джамшут nvft@mail.ru 92
Джамшут666 mhun@ya.ru 83
Дмитрий fooah@ya.ru 93
Дмитрий xokee.ru 81
Земфира psgor@mail.ru 95
Гнойный zchdgez@ya.ru 92
Бузова ouh@gmail.com 92
Степан 9
Ли bezqlfbr.ru 75
Хенг zmrwk@gmail.com 92
Гнойный bjex@mail.ru 93
Сянцзян kemwofigvam 80
Сянцзян ozvoeisqa@ya.ru 97
Равшан rrm@ya.ru 101
Бузова cszxwqnk@gmail.com 92
Гнойный666 ckxy@mail.ru 98
Анна ihzijwfa@ya.ru 92
Пенг dbiyyswnhq@ya.ru 95
Земфира sehaa.ru 23
Тролль tpbpztmkv@ya.ru 93
Ли alravwh@gmail.com 8
Артём cknqagk@mail.ru 95
Пенг 49
Степан mijnf@gmail.com 9
Нагиев lgeadyn@gmail.com 98
Хенг aenvwiibzv.ru 85
Мария cughsm@ya.ru 92
Ли iozwhdvgme@mail.ru 98
Михаил666 tlgrqqw@ya.ru 51
Ли 30 shgijkhj@ya.ru
Мария chbjjah@ya.ru 92
Артём jqvuaztxdufigvam 41
Земфира ulgmosl.ru 77
Яочуан
Степан zkcxtunr@ya.ru 93
Пенг hksf@ya.ru 97
Джигурда eqyvdgin@gmail.com 93
Дмитрий qxkuijl 73
Равшан zrkf@gmail.com 96
Нагиев tsds@ya.ru 93
Тролль!!!!1 zylxlgct@gmail.com 17
lpr@gmail.com
Пенг hwgiiv@gmail.com 9
Муммий42 jhvwrdquj@gmail.com 60
Мария qo@ya.ru 91
Джигурда ohjtabz@ya.ru 8
Нагиев rixagpf@ya.ru 93
Ван666 ggdwflel@mail.ru 74
Джамшут iwrrct.mail.ru 30
Равшан mnyqvc@ya.ru
Михаил nltrlyjech@gmail.com 92
Равшан bui 81
Нагиев lvdchi@mail.ru 91
Пенг za@mail.ru 92
Ван
Чехова42 mf@ya.ru 64
Михаил
Мария jg@mail.ru 7
Нагиев tq@mail.ru 99
Ольга zf@ya.ru 91
Пенг wmdcuhomzg@gmail.com 7
Земфира woibrze.ru 27
Ольга kdxkedpoql@mail.ru 7
Владимир ssjrhuav@ya.ru 95
Артём!!!!1 qinssdk@ya.ru 32
Земфира kkroewjxde@ya.ru 100
Чехова wtgyeyaoby@gmail.com 7
Михаил ymmoepdgd@ya.ru 7
Дмитрий 53 js@mail.ru
Михаил bcjpxcnlo@gmail.com 8
Муммий!!!!1 hjithai@gmail.com 67
Мария 69 ombx@ya.ru
Джамшут njxvd.mail.ru 31
Земфира wamfb@gmail.com 7
Дмитрий mnfyuda 63
Ли42 luyqxgeegp@gmail.com 88
Джамшут42 ktkajqsi@ya.ru 15
Чонгкун 43 joakkqrec@gmail.com
Геннадий inffuynbn@ya.ru 96
Равшан42 hp@mail.ru 87
Чехова qfpvksgbsu@mail.ru 94
Волочкова nn@ya.ru 101
14 ooxxpscf@mail.ru
Артём rexwq@mail.ru 98
Тролль ohnf@ya.ru 101
Владимир pxlqrob@ya.ru
Земфира ushawn@ya.ru 97
Мария edzii@ya.ru 100
Земфира bj@ya.ru
Муммий ruqo@ya.ru 94
Муммий arogcfk@ya.ru 91
Дмитрий 58
Джамшут um.ru 43
Степан salgh.mail.ru 42
Ли666 qrjdpmy@mail.ru 96
Ли khbvsx@gmail.com 93
Джигурда winjzqeoes@ya.ru 91
Степан666 jvxqidcl@gmail.com 31
Чонгкун ajwdvtf@mail.ru 7
Нагиев krak@mail.ru 99
Ван ssrypdn@ya.ru 101
Джамшут aen@ya.ru 95
Геннадий kuuhzoqdc@mail.ru 91
Бузова bm@gmail.com 100
Ли unbelrzvam@gmail.com 92
Тролль vfpcazmd@ya.ru 95
Чехова goic@mail.ru 101
Яочуан666 dbgbcbq@gmail.com 67
Чонгкун!!!!1 qembh@ya.ru 91
Хенг ydymdbakw@mail.ru 95
Артём lkgofn@ya.ru 93
Равшан tmybye@gmail.com 100
Степан kwg@ya.ru 95
21 ojuqqls@mail.ru
Гнойный llovbmsf@ya.ru 99
Анна mdfqekx@ya.ru 93
Чехова sinjzw@gmail.com 96
Геннадий ts@mail.ru 91
Джигурда hqjpqiuh@gmail.com 7
Яочуан ypujo@mail.ru 9
Владимир kgytlyptft@ya.ru 96
Волочкова!!!!1 ln@ya.ru 66
Джигурда iqpmihlxi@gmail.com 94
Артём 64 pmcjigwzx@ya.ru
Геннадий wskie@gmail.com 8
Муммий nmwfzhopkrfigvam 34
Степан iizmi@mail.ru 96
Пенг42 dqcph@mail.ru 37
91
Сянцзян lpexqo@ya.ru 98
Хенг ldqwdwlr@gmail.com 93
Ли qldvqkhmd.mail.ru 20
Чехова vfr@mail.ru 91
Геннадий 57 qha@ya.ru
Волочкова42 cal@ya.ru 95
Нагиев jniqw@gmail.com 91
40 utgz@ya.ru
Сянцзян42 te@gmail.com 93
Муммий42 fhtyashoe@ya.ru 93
Джигурда 79 lsifigvam
Геннадий zoonmmm@ya.ru 101
Анна emgtecxygs@ya.ru 98
Волочкова mhkxdayew@gmail.com 94
Анна rpumuguesa@mail.ru 101
Дмитрий curom@ya.ru 93
Равшан ndtql@mail.ru 99
Ярослав glnvhe@gmail.com 92
Бузова ksripyzqwq@gmail.com 97
Мария!!!!1 gqxmebqau@mail.ru 50
Земфира pntiproy@gmail.com 7
Джамшут ubbcxo@mail.ru 7
Земфира timjdfxxb@mail.ru 100
Чонгкун pyfwrii@ya.ru 99
Ван42 tf@mail.ru 52
qxibm@gmail.com
Волочкова gyzfk@ya.ru 98
Нагиев rzn.mail.ru 78
Дмитрий!!!!1 dbow@gmail.com 70
Геннадий sto@mail.ru 99
Ярослав rs@ya.ru 98
Муммий lglko@ya.ru 97
Тролль vry@ya.ru 95
Чонгкун ebud@mail.ru 98
Дмитрий unkl@mail.ru 100
Владимир lfwg@gmail.com 94
Пенг kqniwf@mail.ru 94
Джамшут 51 maoqhoiq@mail.ru
Нагиев ozpljusux@ya.ru 97
Муммий tmwj@gmail.com 7
Сянцзян jftlxtfpx@ya.ru 93
Муммий oxtxopwnrjfigvam 18
Нагиев42 lrapsu@gmail.com 35
Сянцзян fem@mail.ru 7
Ли42 rrqqqij@mail.ru 70
Дмитрий mvqwrord@gmail.com 7
Муммий cnj@mail.ru 96
Артём 43 dnp@ya.ru
Хенг aw@gmail.com 9
Ярослав ueww@mail.ru 100
Ярослав vytzy@gmail.com 101
Пенг bmcvcbzj@mail.ru 97
Ван axfktk@mail.ru 97
Владимир 28 an@mail.ru
Михаил owduqhic@gmail.com 93
Ольга wgw@gmail.com 91
Ольга ehgpnaeu.ru 12
Гнойный yfucubanov@ya.ru 101
Бузова666 puhl@mail.ru 66
Владимир pazefbeg@mail.ru 8
Мария ihvi@mail.ru 8
Ли gskebee@gmail.com 92
Степан ayrjjzed@mail.ru 100
Волочкова pvaogcmm@mail.ru 97
45
Чехова rvrscke@gmail.com 101
79 uybshtbgyy@gmail.com
Михаил 44
Муммий42 pawd@mail.ru 74
Ли vf@ya.ru 101
Чонгкун phf@mail.ru 96
Гнойный ramdtldp@ya.ru 91
Степан scrvg@mail.ru 94
Степан dfcr@mail.ru 91
Джамшут veexbiqvk@gmail.com 92
Владимир vbvzuilfiw@mail.ru 8
Сянцзян goki.mail.ru 58
25
Ольга fpfcmy@ya.ru 98
Чехова imaeh@mail.ru 97
Ярослав666 fuxp@gmail.com 12
Артём hasjlni@gmail.com 91
Земфира dkcmofe@mail.ru 91
Гнойный sb.mail.ru 51
Равшан qfkqfigvam 82
Мария666 st@mail.ru 91
Михаил 40 aymkhugwng@mail.ru
sigaezard@gmail.com
Геннадий wcoxmw@ya.ru 95
Дмитрий pk@ya.ru 95
Муммий 25 xmxdjgk@gmail.com
Муммий!!!!1 wjplpskc@mail.ru 14
Ван hhotqhxwx.ru 82
Артём ueebpkyfigvam 80
Земфира gwihlyfy@gmail.com 101
Джигурда deshvaxl@gmail.com 91
Яочуан hilxryf@gmail.com 101
Хенг opcaffkfigvam 38
Чонгкун42 furhqlmdf@mail.ru 31
Ярослав kbom@gmail.com 92
Бузова fyn@ya.ru 96
Сянцзян qdvz@gmail.com 8
Степан!!!!1 vuieqxn@mail.ru 79
Пенг lni@ya.ru 99
Яочуан cxxepix@mail.ru 93
Яочуан lckthvwhfc@ya.ru 95
Муммий cdssxrpfigvam 26
Волочкова twyu@gmail.com 91
Ли ebjs@gmail.com 91
Пенг!!!!1 jsatsc@mail.ru 70
Нагиев dveya@mail.ru 91
Тролль tqqr 55
Владимир wv@mail.ru 93
Нагиев vtbe@gmail.com 92
Пенг fdlpdijbwn@ya.ru 100
Степан dvt@gmail.com 97
Владимир42 pc@ya.ru 68
Артём bphgql@ya.ru 9
Артём cnbkekcprn@gmail.com 101
Ольга jtpqw@gmail.com 92
Анна nfurnoe.ru 60
Мария yfeuy@ya.ru 99
Гнойный im@ya.ru 98
Дмитрий666 ktflybe@gmail.com 28
Земфира!!!!1 bb@mail.ru 13
Ольга!!!!1 estofkaeg@gmail.com 93
Земфира knzuvzxjbz@mail.ru 9
Гнойный 79
Степан dkbkmjedav@mail.ru 98
Степан uxppyxa@gmail.com 99
Волочкова xtmykjo@gmail.com 91
Ли unubujw@ya.ru 9
Равшан ziyrz@mail.ru 99
Чонгкун crr.mail.ru 15
65 ms@ya.ru
Яочуан wfbzo@mail.ru 98
Тролль knnuahehn@mail.ru 7
Яочуан42 fwu@gmail.com 80
Ольга666 afxahwgcma@ya.ru 98
Джамшут ocvignginp@mail.ru 100
Яочуан wieyfigvam 64
Ван tywtptf@mail.ru 99
Михаил vtdupl.mail.ru 80
Ван!!!!1 sqceyont@ya.ru 24
Волочкова mt.ru 91
Сянцзян khvkdpeo@mail.ru 9
Сянцзян666 fycwqkqdmu@gmail.com 74
Геннадий tylyk.ru 101
Нагиев666 vguk@ya.ru 42
Анна hgedd@ya.ru 101
Бузова 61
Джигурда jql@mail.ru 94
Пенг cwpufoefv@mail.ru 96
Ван ascadyoz@gmail.com 101
Нагиев kgfa 98
Артём rmpz@ya.ru 98
Земфира666 imgbvdy@mail.ru 82
31 vx@gmail.com
Тролль yqspypob@gmail.com 9
Анна42 hyrlnugixsfigvam 42
Ольга
Геннадий666 hlfrxbq@ya.ru 38
Ван xyuqco.ru 46
Анна hwfxhyfwm@ya.ru 97
Степан!!!!1 haudkniw@ya.ru 97
Дмитрий rkycgpt@mail.ru 100
Пенг666 lcxemzac@gmail.com 28
Ли!!!!1 izok@mail.ru 78
Михаил666 ci@mail.ru 28
Бузова42 utzeyox@gmail.com 49
Артём nrfyvdxja@gmail.com 94
Степан jbsdgyoz.mail.ru 80
Яочуан666 pstkv@gmail.com 74
59
19 mwsfzxffo@mail.ru
Дмитрий unrgmlihja@mail.ru 99
Геннадий lgquvjrajh@mail.ru 9
Ли fjg@gmail.com 9
Тролль zbma@ya.ru 9
101
Геннадий eqnfdntfigvam 17
Земфира oups@gmail.com 92
Волочкова dx@ya.ru 92
Муммий!!!!1 maybgyk@ya.ru 29
Гнойный atnzrka@gmail.com 9
Владимир uijfojgr@ya.ru 99
Пенг666 ct@gmail.com 15
Бузова ylgxprmhsq@mail.ru 98
Ярослав vaftsheeit@ya.ru 100
Геннадий ulcbaeolm@ya.ru 91
Артём ddkuuvmjy@ya.ru 95
Тролль!!!!1 hwvpj@gmail.com 101
Мария!!!!1 xoaedtfw@gmail.com 58
Степан np@ya.ru 8
Пенг ess@ya.ru 92
Михаил bp@mail.ru 95
Пенг dqlvzgzxu 50
Муммий zu@ya.ru 8
Хенг salvyr 44
Земфира gidfsotke@mail.ru
Пенг kv@gmail.com 96
Михаил eauhdz@ya.ru 98
Владимир qzf@mail.ru 101
Ли hovojhicdh@gmail.com 9
Гнойный cxiuba@mail.ru 95
Чехова icfigvam 36
Джамшут krv@ya.ru 92
Сянцзян soszizgxqw@mail.ru 96
Гнойный lhvlzt@mail.ru 92
Дмитрий worhalkv@ya.ru 8
Джамшут toycr@gmail.com 100
Джамшут queio@gmail.com 98
Волочкова bhihrlbxu@ya.ru 101
Равшан hnztlnpwfz@mail.ru 92
Артём dfnupitywr@mail.ru 92
Анна bfearoniq@ya.ru 98
Джамшут voe@mail.ru 97
Сянцзян sqrcdmbgpz@gmail.com 98
Ольга42 jlp@gmail.com 51
Степан zjmjfigvam 64
Ли 63 ijy@mail.ru
Яочуан uoaivf@mail.ru 94
Бузова42 ektbpz@gmail.com 26
Ли db.mail.ru 94
Мария tmk@gmail.com 97
Артём khndp@ya.ru 98
Тролль 57 xvl@mail.ru
Тролль zomp@ya.ru 92
Дмитрий cpundcritf@ya.ru 95
Равшан sqbfbr@ya.ru 8
Анна knir@mail.ru 93
Артём pysimvq@mail.ru 94
Яочуан zmxpwb@ya.ru 97
Ярослав emsekd@gmail.com 95
Сянцзян666 eg@gmail.com 19
Владимир fjrdojyu@gmail.com 96
Джигурда ti 9
Ван ojsioq@gmail.com 92
Чехова trzmfalpx@ya.ru 9
Яочуан42 ytxttprtyu@mail.ru 84
Ольга jvhct@ya.ru 92
Яочуан aadkzbjfa@mail.ru 95
Ярослав fchao@ya.ru 96
Ольга mpmj.ru 72
Нагиев njwrjurn@mail.ru 98
Чонгкун phikje@ya.ru 91
Ольга vwujloyv 99
Артём sel@ya.ru 99
Хенг thus.ru 82
Михаил crrxwbbmze@ya.ru 93
Волочкова lnr@mail.ru 95
Мария wcvowtmzwm@ya.ru 95
Ван ewqk@mail.ru 9
Ярослав wgvnhp@ya.ru 99
Ольга fmcme@mail.ru 94
Волочкова wkaizmvrir.mail.ru 88
Нагиев 43 iiodjj@gmail.com
Геннадий bxfleoqlnc@ya.ru 92
86
Ольга rpmx@mail.ru 94
Ольга inblsue@mail.ru 7
27
Пенг coqktcx@ya.ru 91
Ван42 tycx@gmail.com 81
Равшан szippc@mail.ru 101
Михаил666 gsgzqswkp@ya.ru 60
Дмитрий julidivtii@gmail.com 99
Чехова kykhha.mail.ru 15
Ван shl@mail.ru 91
Яочуан uyplslvms@gmail.com 99
Степан pulcbsxuf 21
Чехова ysupvpy@gmail.com 97
Владимир uy@gmail.com 98
Геннадий!!!!1 ulffna@gmail.com 74
Ольга ha@gmail.com 97
Артём!!!!1 neuxmabtmm@mail.ru 94
Гнойный xzddpgpg@ya.ru 100
Джамшут gklrjszig@mail.ru 99
Ольга vysaud@mail.ru 96
Волочкова faagm@ya.ru 101
Дмитрий db@gmail.com 100
Геннадий elppvyupu@mail.ru 8
Анна qywvsdmp.mail.ru 90
34 myr@mail.ru
Равшан tskxkp.ru 45
Муммий bzsfo@mail.ru 97
Геннадий!!!!1 spgooa@ya.ru 82
Яочуан wlstx@gmail.com 100
Ольга orxjlqh@gmail.com 100
Яочуан666 mce@mail.ru 25
Сянцзян 97 vx@gmail.com
Ольга pstg@mail.ru 94
Ольга bfym@ya.ru 100
45
Джигурда fpyvmwf@mail.ru 98
Чехова xo@mail.ru 97
Владимир kwlrgcw.ru 22
Ольга vlpdjkv@ya.ru 94
Ярослав irdmrg@mail.ru 9
Ольга msx.mail.ru 68
Чехова gwytfo@ya.ru 8
Пенг jarldczq@mail.ru 99
Геннадий cckzdojcr@ya.ru 92
Михаил aattyffigvam 34
Нагиев gubvent@mail.ru 92
Тролль qcwjvtn 26
Джигурда
Ли beolypulk@mail.ru 100
Владимир iyxmijs@ya.ru 101
Чонгкун znjqjj@ya.ru 95
Чехова uyygothzpe.mail.ru 54
Чонгкун iywg@ya.ru 91
Нагиев jutgyl@mail.ru 8
Джигурда42 mbosuaobcn@ya.ru 33
Пенг pnsxg@ya.ru 9
Чонгкун itnt@gmail.com 97
Артём jipixe.ru 19
Тролль aer@gmail.com 99
Муммий jluln@mail.ru 91
Владимир42 pwfwj@ya.ru 21
Хенг uwpv@mail.ru 94
Земфира zkowwxkg@gmail.com 99
Ли cvhczo 33
Мария efbu 77
Анна fiafipl@ya.ru 91
Бузова lnb@ya.ru 97
Ли svaqehfigvam 77
Чонгкун!!!!1 gffm@gmail.com 20
Равшан bseowqfigvam 42
Нагиев zbohkf@mail.ru 99
Сянцзян pibbsvoxex@mail.ru 94
Геннадий aa@ya.ru 91
Михаил pzbjphlgi@gmail.com 97
Михаил wrhodobd@ya.ru 96
Джигурда42 tznepble@ya.ru 75
Гнойный zyfzrxci@gmail.com 91
Равшан uz@mail.ru 91
Яочуан ehvolflg.mail.ru 40
Ольга tarxrvbk@mail.ru 92
Джамшут wevesdrh@mail.ru 8
Муммий yklu@gmail.com 7
Тролль pwtadxo@gmail.com 8
Равшан njsebzwcwz@ya.ru 96
Гнойный 62 qeqd@ya.ru
Пенг ohtwsggl@gmail.com 98
Муммий!!!!1 wqxwzop@ya.ru 61
Степан kiidshoj@gmail.com 95
Нагиев
Сянцзян ko.mail.ru 43
Яочуан raw@mail.ru 9
Чехова kdt@ya.ru 92
Чехова eydej@ya.ru 101
Джамшут eayzodx 52
Ольга wgwuu@ya.ru 101
Геннадий djudzltj@mail.ru 101
Джигурда
Артём vhetjn@mail.ru 93
Степан yejzxyf@mail.ru 9
Мария bxburueiqj@ya.ru 92
Волочкова 93
Пенг qruwcczp.ru 101
Гнойный42 slmdj@gmail.com 28
Джигурда kzlwxaa@mail.ru 97
Ольга!!!!1 yaipm@gmail.com 83
Гнойный thyqcbaz@ya.ru 93
Сянцзян pliohfbecr@mail.ru 9
Сянцзян lnlscrhjpe@gmail.com 101
Михаил jkdtdcgop.ru 26
Земфира upd@ya.ru 95
Гнойный gwndbgb@mail.ru 98
Равшан aootkcc@ya.ru 98
Хенг zz@gmail.com 92
Нагиев fhxpea@gmail.com 101
Ли gimjed@mail.ru 94
Сянцзян qadxbr@gmail.com 9
Муммий iqi@ya.ru 100
Ольга ie@mail.ru 9
Ольга rmmgeyeqin@gmail.com 93
Ярослав qngrtongs.mail.ru 27
Равшан tvc@ya.ru 98
Мария dnm 42
Бузова pzxqirnp.mail.ru 97
Ли fkp@mail.ru 8
Земфира666 rvhajqvv@ya.ru 40
Ольга oivsrkk@ya.ru 7
Степан42 laydgwwjwn@mail.ru 11
Степан ygk@ya.ru 93
Хенг zzcogg@ya.ru 96
Анна fbzszebzua@mail.ru 93
Джигурда
Ли mavu@ya.ru 100
Ли gya@gmail.com 96
Тролль 54
Дмитрий!!!!1 bvkk@mail.ru 26
Тролль ptzht@ya.ru 98
Джигурда muwaumya@ya.ru 98
Равшан42 ezntle@ya.ru 37
Тролль fsllueom@ya.ru 9
Муммий ufauvx@gmail.com 9
Сянцзян lpll@mail.ru 98
Волочкова agysg@ya.ru 97
Муммий wznghtc@ya.ru 100
Чонгкун hvro 22
Муммий wpismbh@mail.ru 98
Ли wqpe@ya.ru 100
Чехова zirisuryve.mail.ru 58
Джигурда hbujh@mail.ru 92
Джигурда!!!!1 dyenaemmiv@ya.ru 9
Ярослав zvb@gmail.com 101
Ярослав at@gmail.com 94
Муммий42 sfghcwc@mail.ru 100
Ольга 53
Гнойный jvqjo@ya.ru 101
Волочкова mwyte@gmail.com 9
Бузова zmcty 30
Сянцзян xrlji@ya.ru 93
Джигурда42 cgmyyleo@ya.ru 62
Хенг ihswkiplw.ru 53
Артём pu@ya.ru 95
Чонгкун 24
Ярослав omudpbmosh@mail.ru 93
Владимир wo@gmail.com 99
Михаил kzgwmsd@mail.ru 96
Анна pphocm@gmail.com 98
Равшан jlo.mail.ru 71
Равшан hfzy@mail.ru 98
Волочкова tkfbv@gmail.com 96
Гнойный42 ooscn@mail.ru 55
Тролль!!!!1 gyvjmzanae@gmail.com 26
Нагиев42 jrjhg@gmail.com 73
Артём cmi@mail.ru 96
Ван42 scca@mail.ru 18
Владимир42 zphtkio@gmail.com 11
Ольга 98 vlhqzb@gmail.com
Яочуан zgfmcpz@gmail.com 7
Ярослав rgdcnbxfigvam 32
Хенг42 mgf@gmail.com 89
Земфира kdlirlp@mail.ru 99
Джамшут drzi@mail.ru 101
Артём akttamj@ya.ru 100
Ван lfrvjvbihy@gmail.com 9
Чехова dxjwys@gmail.com 99
Ольга aj@mail.ru 101
Ольга hg 22
Муммий yerqqwrcfs@mail.ru 95
Муммий uddygjvo@ya.ru 7
Бузова fnfankwxld@ya.ru 8
Волочкова nmilvddubzfigvam 16
Нагиев jvwcyn@ya.ru 96
Джамшут agicbvccqx@gmail.com 101
Чехова apiigtuhb.ru 31
Чонгкун hasqrd@gmail.com 98
Джигурда iavesdvk@ya.ru 96
Джамшут ufaukzgft@gmail.com 7
Хенг ac@mail.ru 91
Владимир!!!!1 fxjmh@gmail.com 97
Ярослав!!!!1 wwmnsfvj@ya.ru 27
Мария zpcmjr@gmail.com 8
Чехова42 eezcpy@mail.ru 90
Михаил 28 ilehibygt@mail.ru
Ярослав 63 eaxnuai@ya.ru
Яочуан duze@mail.ru 94
Хенг666 onttosa@ya.ru 81
Ярослав666 vv@ya.ru 72
Дмитрий 34 jccinp@mail.ru
Ольга666 ibfzjk@ya.ru 91
Земфира zhrfgfpc 82
Ярослав jln@mail.ru 92
Чехова whikhnoqwp@gmail.com 96
Нагиев gsf@gmail.com 8
Гнойный kbz@ya.ru 91
Степан666 tkzvgm@mail.ru 72
Анна lo@ya.ru 95
Ольга nqiyvcii@gmail.com 91
Нагиев xree@mail.ru 91
Геннадий666 gev@ya.ru 89
Земфира lletd@mail.ru 7
Владимир666 qudalgiaqm@gmail.com 65
Владимир!!!!1 qzgghw@gmail.com 12
Сянцзян osopkc@gmail.com 7
Мария mnfigvam 22
Артём pudlfmzpwi@mail.ru 100
Волочкова iplmvbvu@gmail.com 92
Земфира duyfg@gmail.com 7
Муммий666 bh@gmail.com 39
Ольга lrsbltbs@mail.ru 96
Волочкова hk@gmail.com 7
Владимир fvzcztn@gmail.com 91
Ольга sunia.mail.ru 68
Нагиев hekhxxlfigvam 67
79
Джигурда gfuy@gmail.com 91
Равшан ka@ya.ru 94
Ван42 xm@gmail.com 30
Геннадий ipddomkxs@ya.ru 100
Ли ucq@gmail.com 93
Ярослав mjp@ya.ru 101
Артём ml@gmail.com 92
Муммий xotugdmeh@mail.ru 97
Ли winbajhm@gmail.com 91
Степан ueubww@mail.ru 8
Земфира wwuwhhv@gmail.com 97
Анна cusrz@ya.ru 97
Джигурда rfhczk@ya.ru 96
Ли!!!!1 srjvpum@gmail.com 65
Чехова 23 fogfgwr@ya.ru
Яочуан lr@mail.ru 96
Дмитрий gm@gmail.com 93
Тролль tudfps@mail.ru 99
Анна usr@ya.ru 93
Дмитрий 33 bewlfhvxxv@ya.ru
Муммий bnuvyy@gmail.com 94
Артём wbnc@gmail.com 95
Бузова 85 ymtcb@mail.ru
Равшан!!!!1 wxh@mail.ru 14
Чонгкун 13 rqkwufl@ya.ru
Нагиев666 jebsjraw@ya.ru 61
Дмитрий xkveyjt.ru 90
Хенг!!!!1 kxp@gmail.com 62
Владимир rwhupv@gmail.com 91
Ван ps@gmail.com 96
Дмитрий tkhhh@ya.ru 92
Нагиев666 ou@mail.ru 27
Земфира abfigvam 95
Волочкова cnqybgjswq@gmail.com 92
Ярослав xx.mail.ru 43
Волочкова oefgutnvw@mail.ru 101
Яочуан666 vtkmd@ya.ru 30
Ольга42 dh@ya.ru 25
Ли ugbeuptrtn@ya.ru 7
Сянцзян!!!!1 eofcojuehm@ya.ru 32
Джигурда detcyhxcs@ya.ru 94
Равшан ab.ru 13
Владимир fvfosztj@gmail.com 99
Яочуан!!!!1 hrkqrm@mail.ru 80
Степан ob@mail.ru 94
Артём!!!!1 qafsowppis@gmail.com 43
Земфира gxce@mail.ru 94
Джигурда htufigvam 16
Земфира klzjeoxnq@ya.ru 100
Яочуан xv@gmail.com 95
Джамшут uezzqn@ya.ru 91
Яочуан mmbbjfmwb@ya.ru 9
Ли ndn@gmail.com 94
Бузова qkodstvsrg@ya.ru 93
Нагиев ap@mail.ru 8
Мария bxja@ya.ru 99
Хенг bhq@gmail.com 96
Артём ym@ya.ru 94
Чонгкун nwn@gmail.com 95
Джамшут nqabszyz@gmail.com 99
Ольга666 vr@mail.ru 101
Сянцзян nrg@gmail.com 7
62
Джигурда ussuj@mail.ru 94
Мария koieqn@mail.ru 7
Чехова 86
Дмитрий tdrc@gmail.com 100
Равшан
Равшан gwtfigvam 92
Мария666 fxkiz@mail.ru 66
Ли ieutg.ru 78
Степан egevtifebg@gmail.com 101
Равшан pvtwyqxc@gmail.com 8
Земфира eqmwug@mail.ru 101
Чонгкун gysadqnc@gmail.com 8
pt@ya.ru
Ли luzo@gmail.com 8
Гнойный xyvjancymu@mail.ru 9
Ван wq@ya.ru 98
Дмитрий vizrorku@mail.ru 91
Ван fierz@gmail.com 8
Бузова ray@mail.ru 94
Владимир666 hjwqgntzb@gmail.com 70
Джамшут42 mutpfnzqy@mail.ru 63
Ли zauapqu.ru 32
Хенг gn.mail.ru 75
Ольга nx 57
Нагиев ls@ya.ru 95
Ли mydowr@ya.ru 100
Ли finxkaeqo@mail.ru 7
Яочуан ngeb@ya.ru 96
Артём okodti@gmail.com 9
Ярослав ggo@gmail.com 99
Ли jngwjymlt@mail.ru 91
Муммий bjvcxzor@ya.ru 96
Чехова qxabadudq@mail.ru 99
Дмитрий hqgon@ya.ru 8
Равшан xjsibxpos@mail.ru 8
Ли gobcstxo@ya.ru 94
Чехова 80 lsyfvzjhx@gmail.com
Чехова42 fqsgq@ya.ru 75
Артём irrx 8
Яочуан hoh@gmail.com 94
Степан hnkomvo@ya.ru 8
Ли gggep@mail.ru 7
Нагиев 39 xexcn@mail.ru
Мария dpdkgrk@mail.ru 9
Джигурда cgmkhmg@gmail.com 93
Степан hc@gmail.com 92
Чехова slouvlfjhp.mail.ru 101
Ольга jgsvnytwj@gmail.com 100
Бузова euj@gmail.com 93
Волочкова ofkuhzxqa@mail.ru 100
Земфира vegfigvam 79
Степан npghipo@ya.ru 8
Анна verpjfigvam 98
Ван rbxjhouu@ya.ru 99
Анна ctuptsteqc@mail.ru 98
Бузова hunjg 57
Ли wnqnnhqnu@gmail.com 100
Геннадий ptoq@ya.ru 92
Ли duejc@mail.ru 101
Гнойный jezdkxv.mail.ru 32
Джигурда kpzrehurk@ya.ru 95
Хенг texclyvv@ya.ru 7
Равшан dhoyzo.mail.ru 59
Равшан hhwldj@mail.ru 101
Нагиев 32 ddqkqncsc@mail.ru
Геннадий gku@mail.ru 100
Ван vv.ru 28
Михаил mqfigvam 42
Геннадий ztwc@gmail.com 101
Сянцзян
Мария lngxbbhn@mail.ru 97
Джигурда ddvn@mail.ru 101
40 vdetvumek@gmail.com
Хенг wnnokxhfi@ya.ru 7
Ли hqswk@mail.ru 95
Яочуан pxpjcrxon@ya.ru 92
Владимир vyqrkhk@gmail.com 95
Ярослав lbywftp@mail.ru 9
Земфира vuzzvyh@gmail.com 9
Сянцзян uo@gmail.com 93
Ван lpu@ya.ru 101
Яочуан yuz@gmail.com 9
Дмитрий tsjvdea@ya.ru 97
Яочуан bv@ya.ru 95
Джамшут rfaxstwl@ya.ru 7
Ли qd@ya.ru 95
Анна anfh 36
Мария jpawz@mail.ru 96
Чехова htlwxbuzbr@mail.ru 92
Владимир 79 jwnhvvd@mail.ru
Волочкова ddxtjwbo@ya.ru 97
Ли omk@ya.ru 7
Михаил pvkuop@gmail.com 98
Земфира42 xsxj@mail.ru 91
Степан zhbrwwfigvam 90
Ли ati@gmail.com 100
Ли pinle@mail.ru 101
Бузова fgmdzbhhus.mail.ru 84
Владимир xvrxzprb.ru 66
Ли xltzkbtd 29
Степан faydat 39
Степан nlfigvam 18
Муммий gthe@mail.ru 99
Чехова zlwudasr@ya.ru 9
Земфира666 otxxpaiu@ya.ru 69
Гнойный cx@mail.ru 98
Бузова rdvhta.mail.ru 73
Хенг adsr@gmail.com 92
Муммий vf@mail.ru 97
Сянцзян cvb 34
Чехова ovqmwlqzk@gmail.com 92
Артём ug 19
Джамшут lgwoaerkg@gmail.com 101
vcbqv@mail.ru
Джамшут qnju 15
Муммий ecgvfsv@ya.ru 92
Равшан vetelh@mail.ru 98
Волочкова vbw@ya.ru 7
Волочкова hkskmhfgu@mail.ru 97
Владимир laxuins@ya.ru 97
Чехова hymvrilgca.ru 29
Чехова xzxezuwdo@mail.ru 8
Михаил kpwnmczyg@ya.ru 7
Ярослав hufst@ya.ru 97
Пенг ddpeiii@gmail.com 91
Геннадий rdlef@mail.ru 92
Сянцзян ddsto@mail.ru 9
Земфира jiul 26
Хенг wdigvfokm@mail.ru
Земфира qimoa@gmail.com 99
Владимир ftc@gmail.com 99
Джигурда ub@gmail.com 94
Равшан hjleuh@gmail.com 7
Тролль zlivjohx@ya.ru 100
Артём wsqxhe.mail.ru 59
Артём grhwwz@gmail.com 9
Чонгкун hcfuvw 87
Хенг doayxom@gmail.com 97
Джигурда xeecowm@gmail.com 95
Ли eebkzfzl@mail.ru 93
Гнойный gzvmqyxhpq@mail.ru 96
Ольга ia@gmail.com 8
Пенг qrpdq@mail.ru 91
Степан ay@ya.ru 8
Бузова fohzmdjhn@mail.ru 92
Чонгкун wrmis@ya.ru 101
Геннадий 60 qe@mail.ru
Ольга
Анна aqkdbkyeb@gmail.com 9
Яочуан gqo@mail.ru 96
Волочкова zwwyjd@ya.ru 94
Тролль bftvz@mail.ru 93
Владимир wv.ru 69
Сянцзян tpugkyh@gmail.com 91
Анна42 ed@mail.ru 17
Бузова xoyg@mail.ru 7
Тролль gdwiqmmxpp@ya.ru 98
Чонгкун zfe@ya.ru 93
Тролль nfutuqe@ya.ru 96
Джамшут depp@gmail.com 100
Тролль xciqydumue@gmail.com 97
Муммий!!!!1 scqo@mail.ru 94
Владимир grrnerwhl@ya.ru 101
Гнойный dueyhv@gmail.com 97
Ли vjarik@ya.ru 7
Джамшут 34
Яочуан kcbataacan@ya.ru 100
Ли jhquyb@mail.ru 99
Муммий cbt@mail.ru 98
Пенг shpd@mail.ru 98
Тролль vfgb.mail.ru 60
Сянцзян ep.mail.ru 58
Нагиев rzoneqsto@mail.ru 97
Михаил ficryrzvz@ya.ru 91
Мария ychoied@ya.ru 91
Хенг qgonstc@mail.ru 7
Джигурда!!!!1 xpomzztfou@mail.ru 64
Анна qcsrfjho@ya.ru 100
Анна whlbfloq.mail.ru 93
Михаил666 kssuv@gmail.com 99
Михаил fxh@gmail.com 96
Ли ivmjtzik@ya.ru 101
Волочкова lulntpfigvam 26
Чонгкун ogoujvw@mail.ru 7
Волочкова666 qpaiijbtfigvam 55
Чехова twfaumdygs 33
Джигурда jgmogm@gmail.com 97
Ван42 vpvya@ya.ru 15
Дмитрий py@gmail.com
Бузова kwhp@gmail.com 95
Пенг qwenv@gmail.com 101
Анна666 zvuc@gmail.com 25
Геннадий 10 sdnri@mail.ru
Гнойный fj@mail.ru 101
Джигурда kkozpomqg@gmail.com 94
Волочкова ynswczfzy@gmail.com 96
Муммий vksqce@mail.ru 8
Чехова jewi@gmail.com 100
Волочкова ojzvn@mail.ru 8
Геннадий 77
Гнойный sz@ya.ru 93
Земфира lrujfbgjc@gmail.com 99
Сянцзян 97 xangyo@ya.ru
Гнойный jproimqazq@gmail.com 7
Анна hwqdzkt 85
Владимир hfbuxw@mail.ru 96
Равшан vxqzblq@mail.ru 95
Пенг ft@mail.ru
Ли rpsbjxcidy@ya.ru 8
Геннадий jrfxflls@ya.ru 101
Хенг artn@ya.ru 92
Чонгкун 51 gaugtep@mail.ru
Хенг traahobpgi@ya.ru 94
Сянцзян vcnpxppzex@mail.ru 99
Земфира wx@mail.ru 92
Геннадий xdrmu@mail.ru 9
Джамшут 63
Дмитрий imkjxt@gmail.com 100
Ван yygiehwzun@ya.ru 94
Хенг flsiogmwfv.mail.ru 60
Степан cwpxzmvcys@mail.ru 100
Гнойный gvctian@gmail.com 92
Волочкова ccni@gmail.com 100
Нагиев afmocp@gmail.com 94
Михаил tdkrlbfp@ya.ru 95
Джамшут
Ольга fdjzex@mail.ru 98
Хенг rlbvvaq 21
Хенг iyrql@ya.ru 95
Степан uydjq@ya.ru 98
Анна qi@ya.ru 101
Гнойный odd@gmail.com 91
Михаил xvprqhnj@mail.ru 91
Джамшут bumqppdlj@mail.ru 101
Гнойный oyqf@mail.ru 97
Джамшут jjwgkjuwan@gmail.com 99
Нагиев tse@mail.ru 97
Ли sovypgblk@gmail.com 97
Ярослав ovwydu@mail.ru 92
Тролль sw 54
Равшан gy@ya.ru 91
Ли rf@mail.ru 98
Джамшут qtm@mail.ru 100
Пенг ki@gmail.com 92
Чехова oqrzmx@mail.ru 97
Джигурда42 byuxfoyigk@ya.ru 21
Гнойный ou@ya.ru 91
Ли ykpenvzfigvam 39
Ван mkndrzh@gmail.com 91
98
Джигурда ow@mail.ru 95
Пенг fzdcblk@mail.ru 92
Земфира azxq 82
Дмитрий rg@gmail.com 98
Ли yaagqzrje@gmail.com 101
Артём by@gmail.com 101
Земфира pxz@gmail.com 92
Яочуан ervryhvps@ya.ru 92
Яочуан bpn@ya.ru 8
Чонгкун sayoo@ya.ru 100
Яочуан42 zihdblwz@mail.ru 98
Ольга hrvxhaieg@mail.ru 101
Чехова ieiq@gmail.com 100
Гнойный ayy@mail.ru 94
Владимир edx@ya.ru 100
Равшан mdza.ru 94
61
Джамшут666 kjw@gmail.com 25
Гнойный rmta@gmail.com 99
Бузова uri@mail.ru 8
Гнойный dbvk@mail.ru 100
Ван rgjaqkqs@gmail.com 8
Нагиев xjpivm@gmail.com 91
Волочкова mnu@mail.ru 8
Геннадий coyuq@gmail.com 99
Михаил av@gmail.com 98
Ли42 vqffrrlfh@gmail.com 99
Тролль666 se@mail.ru 52
Дмитрий xayinimkz@mail.ru 7
